# JRE version: Java(TM) SE Runtime Environment (8.0_172-b11) (build 1.8.0_172-b11)
# Java VM: Java HotSpot(TM) 64-Bit Server VM (25.172-b11 mixed mode linux-amd64 compressed oops)
Heap:
 par new generation   total 613440K, used 545566K [0x00000005d3200000, 0x00000005fcb90000, 0x00000005fcb90000)
  eden space 545344K,  87% used [0x00000005d3200000, 0x00000005f0447838, 0x00000005f4690000)
  from space 68096K, 100% used [0x00000005f4690000, 0x00000005f8910000, 0x00000005f8910000)
  to   space 68096K,   0% used [0x00000005f8910000, 0x00000005f8910000, 0x00000005fcb90000)
 concurrent mark-sweep generation total 7393728K, used 437780K [0x00000005fcb90000, 0x00000007c0000000, 0x00000007c0000000)
 Metaspace       used 85917K, capacity 86950K, committed 88216K, reserved 1126400K
  class space    used 10546K, capacity 10877K, committed 11236K, reserved 1048576K
GC Heap History (10 events):
Event: 917.732 GC heap before
{Heap before GC invocations=87 (full 39):
 par new generation   total 613440K, used 553941K [0x00000005d3200000, 0x00000005fcb90000, 0x00000005fcb90000)
  eden space 545344K,  99% used [0x00000005d3200000, 0x00000005f45265e0, 0x00000005f4690000)
  from space 68096K,  14% used [0x00000005f8910000, 0x00000005f92deff0, 0x00000005fcb90000)
  to   space 68096K,   0% used [0x00000005f4690000, 0x00000005f4690000, 0x00000005f8910000)
 concurrent mark-sweep generation total 7393728K, used 209908K [0x00000005fcb90000, 0x00000007c0000000, 0x00000007c0000000)
 Metaspace       used 64588K, capacity 65522K, committed 66840K, reserved 1107968K
  class space    used 8403K, capacity 8720K, committed 9060K, reserved 1048576K
Event: 917.759 GC heap after
Heap after GC invocations=88 (full 39):
 par new generation   total 613440K, used 21301K [0x00000005d3200000, 0x00000005fcb90000, 0x00000005fcb90000)
  eden space 545344K,   0% used [0x00000005d3200000, 0x00000005d3200000, 0x00000005f4690000)
  from space 68096K,  31% used [0x00000005f4690000, 0x00000005f5b5d7b0, 0x00000005f8910000)
  to   space 68096K,   0% used [0x00000005f8910000, 0x00000005f8910000, 0x00000005fcb90000)
 concurrent mark-sweep generation total 7393728K, used 209908K [0x00000005fcb90000, 0x00000007c0000000, 0x00000007c0000000)
 Metaspace       used 64588K, capacity 65522K, committed 66840K, reserved 1107968K
  class space    used 8403K, capacity 8720K, committed 9060K, reserved 1048576K
}
Event: 932.030 GC heap before
{Heap before GC invocations=88 (full 40):
 par new generation   total 613440K, used 566335K [0x00000005d3200000, 0x00000005fcb90000, 0x00000005fcb90000)
  eden space 545344K,  99% used [0x00000005d3200000, 0x00000005f46424a0, 0x00000005f4690000)
  from space 68096K,  31% used [0x00000005f4690000, 0x00000005f5b5d7b0, 0x00000005f8910000)
  to   space 68096K,   0% used [0x00000005f8910000, 0x00000005f8910000, 0x00000005fcb90000)
 concurrent mark-sweep generation total 7393728K, used 209905K [0x00000005fcb90000, 0x00000007c0000000, 0x00000007c0000000)
 Metaspace       used 64624K, capacity 65586K, committed 66840K, reserved 1107968K
  class space    used 8403K, capacity 8720K, committed 9060K, reserved 1048576K
Event: 932.047 GC heap after
Heap after GC invocations=89 (full 40):
 par new generation   total 613440K, used 23006K [0x00000005d3200000, 0x00000005fcb90000, 0x00000005fcb90000)
  eden space 545344K,   0% used [0x00000005d3200000, 0x00000005d3200000, 0x00000005f4690000)
  from space 68096K,  33% used [0x00000005f8910000, 0x00000005f9f87b70, 0x00000005fcb90000)
  to   space 68096K,   0% used [0x00000005f4690000, 0x00000005f4690000, 0x00000005f8910000)
 concurrent mark-sweep generation total 7393728K, used 209905K [0x00000005fcb90000, 0x00000007c0000000, 0x00000007c0000000)
 Metaspace       used 64624K, capacity 65586K, committed 66840K, reserved 1107968K
  class space    used 8403K, capacity 8720K, committed 9060K, reserved 1048576K
}
Event: 947.540 GC heap before
{Heap before GC invocations=89 (full 41):
 par new generation   total 613440K, used 568350K [0x00000005d3200000, 0x00000005fcb90000, 0x00000005fcb90000)
  eden space 545344K, 100% used [0x00000005d3200000, 0x00000005f4690000, 0x00000005f4690000)
  from space 68096K,  33% used [0x00000005f8910000, 0x00000005f9f87b70, 0x00000005fcb90000)
  to   space 68096K,   0% used [0x00000005f4690000, 0x00000005f4690000, 0x00000005f8910000)
 concurrent mark-sweep generation total 7393728K, used 209905K [0x00000005fcb90000, 0x00000007c0000000, 0x00000007c0000000)
 Metaspace       used 64627K, capacity 65586K, committed 66840K, reserved 1107968K
  class space    used 8403K, capacity 8720K, committed 9060K, reserved 1048576K
Event: 947.564 GC heap after
Heap after GC invocations=90 (full 41):
 par new generation   total 613440K, used 40442K [0x00000005d3200000, 0x00000005fcb90000, 0x00000005fcb90000)
  eden space 545344K,   0% used [0x00000005d3200000, 0x00000005d3200000, 0x00000005f4690000)
  from space 68096K,  59% used [0x00000005f4690000, 0x00000005f6e0e890, 0x00000005f8910000)
  to   space 68096K,   0% used [0x00000005f8910000, 0x00000005f8910000, 0x00000005fcb90000)
 concurrent mark-sweep generation total 7393728K, used 209905K [0x00000005fcb90000, 0x00000007c0000000, 0x00000007c0000000)
 Metaspace       used 64627K, capacity 65586K, committed 66840K, reserved 1107968K
  class space    used 8403K, capacity 8720K, committed 9060K, reserved 1048576K
}
Event: 977.006 GC heap before
{Heap before GC invocations=90 (full 41):
 par new generation   total 613440K, used 585786K [0x00000005d3200000, 0x00000005fcb90000, 0x00000005fcb90000)
  eden space 545344K, 100% used [0x00000005d3200000, 0x00000005f4690000, 0x00000005f4690000)
  from space 68096K,  59% used [0x00000005f4690000, 0x00000005f6e0e890, 0x00000005f8910000)
  to   space 68096K,   0% used [0x00000005f8910000, 0x00000005f8910000, 0x00000005fcb90000)
 concurrent mark-sweep generation total 7393728K, used 209905K [0x00000005fcb90000, 0x00000007c0000000, 0x00000007c0000000)
 Metaspace       used 65260K, capacity 66226K, committed 67480K, reserved 1107968K
  class space    used 8477K, capacity 8784K, committed 9188K, reserved 1048576K
Event: 977.051 GC heap after
Heap after GC invocations=91 (full 41):
 par new generation   total 613440K, used 60941K [0x00000005d3200000, 0x00000005fcb90000, 0x00000005fcb90000)
  eden space 545344K,   0% used [0x00000005d3200000, 0x00000005d3200000, 0x00000005f4690000)
  from space 68096K,  89% used [0x00000005f8910000, 0x00000005fc493538, 0x00000005fcb90000)
  to   space 68096K,   0% used [0x00000005f4690000, 0x00000005f4690000, 0x00000005f8910000)
 concurrent mark-sweep generation total 7393728K, used 223618K [0x00000005fcb90000, 0x00000007c0000000, 0x00000007c0000000)
 Metaspace       used 65260K, capacity 66226K, committed 67480K, reserved 1107968K
  class space    used 8477K, capacity 8784K, committed 9188K, reserved 1048576K
}
Event: 977.882 GC heap before
{Heap before GC invocations=91 (full 41):
 par new generation   total 613440K, used 605824K [0x00000005d3200000, 0x00000005fcb90000, 0x00000005fcb90000)
  eden space 545344K,  99% used [0x00000005d3200000, 0x00000005f461cdd0, 0x00000005f4690000)
  from space 68096K,  89% used [0x00000005f8910000, 0x00000005fc493538, 0x00000005fcb90000)
  to   space 68096K,   0% used [0x00000005f4690000, 0x00000005f4690000, 0x00000005f8910000)
 concurrent mark-sweep generation total 7393728K, used 223618K [0x00000005fcb90000, 0x00000007c0000000, 0x00000007c0000000)
 Metaspace       used 75493K, capacity 76438K, committed 77592K, reserved 1116160K
  class space    used 9694K, capacity 10034K, committed 10340K, reserved 1048576K
Event: 977.962 GC heap after
Heap after GC invocations=92 (full 41):
 par new generation   total 613440K, used 68096K [0x00000005d3200000, 0x00000005fcb90000, 0x00000005fcb90000)
  eden space 545344K,   0% used [0x00000005d3200000, 0x00000005d3200000, 0x00000005f4690000)
  from space 68096K, 100% used [0x00000005f4690000, 0x00000005f8910000, 0x00000005f8910000)
  to   space 68096K,   0% used [0x00000005f8910000, 0x00000005f8910000, 0x00000005fcb90000)
 concurrent mark-sweep generation total 7393728K, used 464740K [0x00000005fcb90000, 0x00000007c0000000, 0x00000007c0000000)
 Metaspace       used 75493K, capacity 76438K, committed 77592K, reserved 1116160K
  class space    used 9694K, capacity 10034K, committed 10340K, reserved 1048576K
}

